#
# There is insufficient memory for the Java Runtime Environment to continue.
# Native memory allocation (malloc) failed to allocate 85983232 bytes for committing reserved memory.
# Possible reasons:
#   The system is out of physical RAM or swap space
#   In 32 bit mode, the process size limit was hit
# Possible solutions:
#   Reduce memory load on the system
#   Increase physical memory or swap space
#   Check if swap backing store is full
#   Use 64 bit Java on a 64 bit OS
#   Decrease Java heap size (-Xmx/-Xms)
#   Decrease number of Java threads
#   Decrease Java thread stack sizes (-Xss)
#   Set larger code cache with -XX:ReservedCodeCacheSize=
# This output file may be truncated or incomplete.
#
#  Out of Memory Error (os_linux.cpp:2809), pid=21616, tid=139742370768640
#
# JRE version:  (7.0_79-b14) (build )
# Java VM: OpenJDK 64-Bit Server VM (24.79-b02 mixed mode linux-amd64 compressed oops)
# Derivative: IcedTea 2.5.5
# Distribution: Ubuntu 14.04 LTS, package 7u79-2.5.5-0ubuntu0.14.04.2
# Failed to write core dump. Core dumps have been disabled. To enable core dumping, try "ulimit -c unlimited" before starting Java again
#

---------------  T H R E A D  ---------------

Current thread (0x00007f184800a800):  JavaThread "Unknown thread" [_thread_in_vm, id=21622, stack(0x00007f184e4ea000,0x00007f184e5eb000)]

Stack: [0x00007f184e4ea000,0x00007f184e5eb000],  sp=0x00007f184e5e9500,  free space=1021k
Native frames: (J=compiled Java code, j=interpreted, Vv=VM code, C=native code)
V  [libjvm.so+0x94aec5]  VMError::report_and_die()+0x175
V  [libjvm.so+0x48b9c4]  report_vm_out_of_memory(char const*, int, unsigned long, char const*)+0x74
V  [libjvm.so+0x7c806b]  os::pd_commit_memory(char*, unsigned long, unsigned long, bool)+0xeb
V  [libjvm.so+0x7c2b0f]  os::commit_memory(char*, unsigned long, unsigned long, bool)+0x1f
V  [libjvm.so+0x83500b]  PSVirtualSpace::expand_by(unsigned long)+0x5b
V  [libjvm.so+0x82547e]  PSOldGen::initialize(ReservedSpace, unsigned long, char const*, int)+0xce
V  [libjvm.so+0x2a57ff]  AdjoiningGenerations::AdjoiningGenerations(ReservedSpace, unsigned long, unsigned long, unsigned long, unsigned long, unsigned long, unsigned long, unsigned long)+0x3af
V  [libjvm.so+0x7e8560]  ParallelScavengeHeap::initialize()+0x5b0
V  [libjvm.so+0x91b937]  Universe::initialize_heap()+0xc7
V  [libjvm.so+0x91bc67]  universe_init()+0x67
V  [libjvm.so+0x59d2a5]  init_globals()+0x55
V  [libjvm.so+0x8fe64f]  Threads::create_vm(JavaVMInitArgs*, bool*)+0x35f
V  [libjvm.so+0x608624]  JNI_CreateJavaVM+0x54
C  [libjli.so+0x2b48]


---------------  P R O C E S S  ---------------

Java Threads: ( => current thread )

Other Threads:

=>0x00007f184800a800 (exited) JavaThread "Unknown thread" [_thread_in_vm, id=21622, stack(0x00007f184e4ea000,0x00007f184e5eb000)]

VM state:not at safepoint (not fully initialized)

VM Mutex/Monitor currently owned by a thread: None

GC Heap History (0 events):
No events

Deoptimization events (0 events):
No events

Internal exceptions (0 events):
No events

Events (0 events):
No events


Dynamic libraries:
00400000-00401000 r-xp 00000000 08:01 27532795                           /usr/lib/jvm/java-7-openjdk-amd64/jre/bin/java
00600000-00601000 r--p 00000000 08:01 27532795                           /usr/lib/jvm/java-7-openjdk-amd64/jre/bin/java
00601000-00602000 rw-p 00001000 08:01 27532795                           /usr/lib/jvm/java-7-openjdk-amd64/jre/bin/java
01112000-01133000 rw-p 00000000 00:00 0                                  [heap]
77a800000-784e00000 rw-p 00000000 00:00 0 
78a000000-7d6f00000 rw-p 00000000 00:00 0 
7d6f00000-7d9800000 rw-p 00000000 00:00 0 
7d9800000-800000000 rw-p 00000000 00:00 0 
7f18439e5000-7f1843b46000 rw-p 00000000 00:00 0 
7f1843b46000-7f1843e29000 rw-p 00000000 00:00 0 
7f1843e29000-7f1843e3e000 rw-p 00000000 00:00 0 
7f1843e3e000-7f1843f72000 rw-p 00000000 00:00 0 
7f1843f72000-7f1843f73000 rw-p 00000000 00:00 0 
7f1843f73000-7f18441e3000 rwxp 00000000 00:00 0 
7f18441e3000-7f1846f73000 rw-p 00000000 00:00 0 
7f1846f73000-7f1846f7b000 r-xp 00000000 08:01 27534035                   /usr/lib/jvm/java-7-openjdk-amd64/jre/lib/amd64/libzip.so
7f1846f7b000-7f184717a000 ---p 00008000 08:01 27534035                   /usr/lib/jvm/java-7-openjdk-amd64/jre/lib/amd64/libzip.so
7f184717a000-7f184717b000 r--p 00007000 08:01 27534035                   /usr/lib/jvm/java-7-openjdk-amd64/jre/lib/amd64/libzip.so
7f184717b000-7f184717c000 rw-p 00008000 08:01 27534035                   /usr/lib/jvm/java-7-openjdk-amd64/jre/lib/amd64/libzip.so
7f184717c000-7f1847187000 r-xp 00000000 08:01 4722013                    /lib/x86_64-linux-gnu/libnss_files-2.19.so
7f1847187000-7f1847386000 ---p 0000b000 08:01 4722013                    /lib/x86_64-linux-gnu/libnss_files-2.19.so
7f1847386000-7f1847387000 r--p 0000a000 08:01 4722013                    /lib/x86_64-linux-gnu/libnss_files-2.19.so
7f1847387000-7f1847388000 rw-p 0000b000 08:01 4722013                    /lib/x86_64-linux-gnu/libnss_files-2.19.so
7f1847388000-7f1847393000 r-xp 00000000 08:01 4722033                    /lib/x86_64-linux-gnu/libnss_nis-2.19.so
7f1847393000-7f1847592000 ---p 0000b000 08:01 4722033                    /lib/x86_64-linux-gnu/libnss_nis-2.19.so
7f1847592000-7f1847593000 r--p 0000a000 08:01 4722033                    /lib/x86_64-linux-gnu/libnss_nis-2.19.so
7f1847593000-7f1847594000 rw-p 0000b000 08:01 4722033                    /lib/x86_64-linux-gnu/libnss_nis-2.19.so
7f1847594000-7f18475ab000 r-xp 00000000 08:01 4722022                    /lib/x86_64-linux-gnu/libnsl-2.19.so
7f18475ab000-7f18477aa000 ---p 00017000 08:01 4722022                    /lib/x86_64-linux-gnu/libnsl-2.19.so
7f18477aa000-7f18477ab000 r--p 00016000 08:01 4722022                    /lib/x86_64-linux-gnu/libnsl-2.19.so
7f18477ab000-7f18477ac000 rw-p 00017000 08:01 4722022                    /lib/x86_64-linux-gnu/libnsl-2.19.so
7f18477ac000-7f18477ae000 rw-p 00000000 00:00 0 
7f18477ae000-7f18477b7000 r-xp 00000000 08:01 4722021                    /lib/x86_64-linux-gnu/libnss_compat-2.19.so
7f18477b7000-7f18479b6000 ---p 00009000 08:01 4722021                    /lib/x86_64-linux-gnu/libnss_compat-2.19.so
7f18479b6000-7f18479b7000 r--p 00008000 08:01 4722021                    /lib/x86_64-linux-gnu/libnss_compat-2.19.so
7f18479b7000-7f18479b8000 rw-p 00009000 08:01 4722021                    /lib/x86_64-linux-gnu/libnss_compat-2.19.so
7f18479b8000-7f18479e3000 r-xp 00000000 08:01 27534051                   /usr/lib/jvm/java-7-openjdk-amd64/jre/lib/amd64/libjava.so
7f18479e3000-7f1847be3000 ---p 0002b000 08:01 27534051                   /usr/lib/jvm/java-7-openjdk-amd64/jre/lib/amd64/libjava.so
7f1847be3000-7f1847be4000 r--p 0002b000 08:01 27534051                   /usr/lib/jvm/java-7-openjdk-amd64/jre/lib/amd64/libjava.so
7f1847be4000-7f1847be6000 rw-p 0002c000 08:01 27534051                   /usr/lib/jvm/java-7-openjdk-amd64/jre/lib/amd64/libjava.so
7f1847be6000-7f1847bf6000 r-xp 00000000 08:01 27534048                   /usr/lib/jvm/java-7-openjdk-amd64/jre/lib/amd64/libverify.so
7f1847bf6000-7f1847df5000 ---p 00010000 08:01 27534048                   /usr/lib/jvm/java-7-openjdk-amd64/jre/lib/amd64/libverify.so
7f1847df5000-7f1847df7000 r--p 0000f000 08:01 27534048                   /usr/lib/jvm/java-7-openjdk-amd64/jre/lib/amd64/libverify.so
7f1847df7000-7f1847df8000 rw-p 00011000 08:01 27534048                   /usr/lib/jvm/java-7-openjdk-amd64/jre/lib/amd64/libverify.so
7f1847df8000-7f1847dff000 r-xp 00000000 08:01 4722030                    /lib/x86_64-linux-gnu/librt-2.19.so
7f1847dff000-7f1847ffe000 ---p 00007000 08:01 4722030                    /lib/x86_64-linux-gnu/librt-2.19.so
7f1847ffe000-7f1847fff000 r--p 00006000 08:01 4722030                    /lib/x86_64-linux-gnu/librt-2.19.so
7f1847fff000-7f1848000000 rw-p 00007000 08:01 4722030                    /lib/x86_64-linux-gnu/librt-2.19.so
7f1848000000-7f1848023000 rw-p 00000000 00:00 0 
7f1848023000-7f184c000000 ---p 00000000 00:00 0 
7f184c0e2000-7f184c1bb000 rw-p 00000000 00:00 0 
7f184c1bb000-7f184c1d1000 r-xp 00000000 08:01 4721709                    /lib/x86_64-linux-gnu/libgcc_s.so.1
7f184c1d1000-7f184c3d0000 ---p 00016000 08:01 4721709                    /lib/x86_64-linux-gnu/libgcc_s.so.1
7f184c3d0000-7f184c3d1000 rw-p 00015000 08:01 4721709                    /lib/x86_64-linux-gnu/libgcc_s.so.1
7f184c3d1000-7f184c4d6000 r-xp 00000000 08:01 4721630                    /lib/x86_64-linux-gnu/libm-2.19.so
7f184c4d6000-7f184c6d5000 ---p 00105000 08:01 4721630                    /lib/x86_64-linux-gnu/libm-2.19.so
7f184c6d5000-7f184c6d6000 r--p 00104000 08:01 4721630                    /lib/x86_64-linux-gnu/libm-2.19.so
7f184c6d6000-7f184c6d7000 rw-p 00105000 08:01 4721630                    /lib/x86_64-linux-gnu/libm-2.19.so
7f184c6d7000-7f184c7bd000 r-xp 00000000 08:01 27658992                   /usr/lib/x86_64-linux-gnu/libstdc++.so.6.0.19
7f184c7bd000-7f184c9bc000 ---p 000e6000 08:01 27658992                   /usr/lib/x86_64-linux-gnu/libstdc++.so.6.0.19
7f184c9bc000-7f184c9c4000 r--p 000e5000 08:01 27658992                   /usr/lib/x86_64-linux-gnu/libstdc++.so.6.0.19
7f184c9c4000-7f184c9c6000 rw-p 000ed000 08:01 27658992                   /usr/lib/x86_64-linux-gnu/libstdc++.so.6.0.19
7f184c9c6000-7f184c9db000 rw-p 00000000 00:00 0 
7f184c9db000-7f184d4f3000 r-xp 00000000 08:01 27534056                   /usr/lib/jvm/java-7-openjdk-amd64/jre/lib/amd64/server/libjvm.so
7f184d4f3000-7f184d6f3000 ---p 00b18000 08:01 27534056                   /usr/lib/jvm/java-7-openjdk-amd64/jre/lib/amd64/server/libjvm.so
7f184d6f3000-7f184d78d000 r--p 00b18000 08:01 27534056                   /usr/lib/jvm/java-7-openjdk-amd64/jre/lib/amd64/server/libjvm.so
7f184d78d000-7f184d7b0000 rw-p 00bb2000 08:01 27534056                   /usr/lib/jvm/java-7-openjdk-amd64/jre/lib/amd64/server/libjvm.so
7f184d7b0000-7f184d7de000 rw-p 00000000 00:00 0 
7f184d7de000-7f184d7f6000 r-xp 00000000 08:01 4721846                    /lib/x86_64-linux-gnu/libz.so.1.2.8
7f184d7f6000-7f184d9f5000 ---p 00018000 08:01 4721846                    /lib/x86_64-linux-gnu/libz.so.1.2.8
7f184d9f5000-7f184d9f6000 r--p 00017000 08:01 4721846                    /lib/x86_64-linux-gnu/libz.so.1.2.8
7f184d9f6000-7f184d9f7000 rw-p 00018000 08:01 4721846                    /lib/x86_64-linux-gnu/libz.so.1.2.8
7f184d9f7000-7f184da10000 r-xp 00000000 08:01 4722028                    /lib/x86_64-linux-gnu/libpthread-2.19.so
7f184da10000-7f184dc0f000 ---p 00019000 08:01 4722028                    /lib/x86_64-linux-gnu/libpthread-2.19.so
7f184dc0f000-7f184dc10000 r--p 00018000 08:01 4722028                    /lib/x86_64-linux-gnu/libpthread-2.19.so
7f184dc10000-7f184dc11000 rw-p 00019000 08:01 4722028                    /lib/x86_64-linux-gnu/libpthread-2.19.so
7f184dc11000-7f184dc15000 rw-p 00000000 00:00 0 
7f184dc15000-7f184dc18000 r-xp 00000000 08:01 4722016                    /lib/x86_64-linux-gnu/libdl-2.19.so
7f184dc18000-7f184de17000 ---p 00003000 08:01 4722016                    /lib/x86_64-linux-gnu/libdl-2.19.so
7f184de17000-7f184de18000 r--p 00002000 08:01 4722016                    /lib/x86_64-linux-gnu/libdl-2.19.so
7f184de18000-7f184de19000 rw-p 00003000 08:01 4722016                    /lib/x86_64-linux-gnu/libdl-2.19.so
7f184de19000-7f184dfd4000 r-xp 00000000 08:01 4722027                    /lib/x86_64-linux-gnu/libc-2.19.so
7f184dfd4000-7f184e1d3000 ---p 001bb000 08:01 4722027                    /lib/x86_64-linux-gnu/libc-2.19.so
7f184e1d3000-7f184e1d7000 r--p 001ba000 08:01 4722027                    /lib/x86_64-linux-gnu/libc-2.19.so
7f184e1d7000-7f184e1d9000 rw-p 001be000 08:01 4722027                    /lib/x86_64-linux-gnu/libc-2.19.so
7f184e1d9000-7f184e1de000 rw-p 00000000 00:00 0 
7f184e1de000-7f184e1eb000 r-xp 00000000 08:01 27534027                   /usr/lib/jvm/java-7-openjdk-amd64/jre/lib/amd64/jli/libjli.so
7f184e1eb000-7f184e3ea000 ---p 0000d000 08:01 27534027                   /usr/lib/jvm/java-7-openjdk-amd64/jre/lib/amd64/jli/libjli.so
7f184e3ea000-7f184e3eb000 r--p 0000c000 08:01 27534027                   /usr/lib/jvm/java-7-openjdk-amd64/jre/lib/amd64/jli/libjli.so
7f184e3eb000-7f184e3ec000 rw-p 0000d000 08:01 27534027                   /usr/lib/jvm/java-7-openjdk-amd64/jre/lib/amd64/jli/libjli.so
7f184e3ec000-7f184e40f000 r-xp 00000000 08:01 4722024                    /lib/x86_64-linux-gnu/ld-2.19.so
7f184e42a000-7f184e434000 rw-p 00000000 00:00 0 
7f184e434000-7f184e4ea000 rw-p 00000000 00:00 0 
7f184e4ea000-7f184e4ed000 ---p 00000000 00:00 0 
7f184e4ed000-7f184e5f0000 rw-p 00000000 00:00 0                          [stack:21622]
7f184e600000-7f184e602000 rw-p 00000000 00:00 0 
7f184e602000-7f184e60a000 rw-s 00000000 08:01 5112850                    /tmp/hsperfdata_zb/21616
7f184e60a000-7f184e60b000 rw-p 00000000 00:00 0 
7f184e60b000-7f184e60c000 r--p 00000000 00:00 0 
7f184e60c000-7f184e60e000 rw-p 00000000 00:00 0 
7f184e60e000-7f184e60f000 r--p 00022000 08:01 4722024                    /lib/x86_64-linux-gnu/ld-2.19.so
7f184e60f000-7f184e610000 rw-p 00023000 08:01 4722024                    /lib/x86_64-linux-gnu/ld-2.19.so
7f184e610000-7f184e611000 rw-p 00000000 00:00 0 
7ffc942f1000-7ffc94312000 rw-p 00000000 00:00 0                          [stack]
7ffc94345000-7ffc94347000 r-xp 00000000 00:00 0                          [vdso]
ffffffffff600000-ffffffffff601000 r-xp 00000000 00:00 0                  [vsyscall]

VM Arguments:
jvm_args: -Dsmartgit.logging=false -Djava.net.preferIPv4Stack=true -Dawt.useSystemAAFontSettings=gasp 
java_command: com.syntevo.dvcs.transport.ssh.SdSshMain git@github.com git-upload-pack 'qgweb/gopro.git'
Launcher Type: SUN_STANDARD

Environment Variables:
JAVA_HOME=/usr/lib/jvm/java-1.7.0-openjdk-amd64/
_JAVA_OPTIONS=  -Dawt.useSystemAAFontSettings=gasp
CLASSPATH=.:/usr/lib/jvm/java-1.7.0-openjdk-amd64//lib/dt.jar:/usr/lib/jvm/java-1.7.0-openjdk-amd64//lib/tools.jar
PATH=/usr/lib/git-core:/usr/bin:/opt/smartgit/lib:/usr/local/sbin:/usr/local/bin:/usr/sbin:/usr/bin:/sbin:/bin:/usr/games:/usr/local/games:/data/go/bin:/data/mygo/bin:/data/workgo/bin:/usr/lib/jvm/java-1.7.0-openjdk-amd64//bin
LD_LIBRARY_PATH=:/usr/lib/gnome-private/lib
SHELL=/bin/zsh
DISPLAY=:0.0

Signal Handlers:
SIGSEGV: [libjvm.so+0x94b9a0], sa_mask[0]=0x7ffbfeff, sa_flags=0x10000004
SIGBUS: [libjvm.so+0x94b9a0], sa_mask[0]=0x7ffbfeff, sa_flags=0x10000004
SIGFPE: [libjvm.so+0x7c3880], sa_mask[0]=0x7ffbfeff, sa_flags=0x10000004
SIGPIPE: [libjvm.so+0x7c3880], sa_mask[0]=0x7ffbfeff, sa_flags=0x10000004
SIGXFSZ: [libjvm.so+0x7c3880], sa_mask[0]=0x7ffbfeff, sa_flags=0x10000004
SIGILL: [libjvm.so+0x7c3880], sa_mask[0]=0x7ffbfeff, sa_flags=0x10000004
SIGUSR1: SIG_DFL, sa_mask[0]=0x00000000, sa_flags=0x00000000
SIGUSR2: [libjvm.so+0x7c3720], sa_mask[0]=0x00000004, sa_flags=0x10000004
SIGHUP: SIG_DFL, sa_mask[0]=0x00000000, sa_flags=0x00000000
SIGINT: SIG_DFL, sa_mask[0]=0x00000000, sa_flags=0x00000000
SIGTERM: SIG_DFL, sa_mask[0]=0x00000000, sa_flags=0x00000000
SIGQUIT: SIG_DFL, sa_mask[0]=0x00000000, sa_flags=0x00000000
SIGTRAP: SIG_DFL, sa_mask[0]=0x00000000, sa_flags=0x00000000


---------------  S Y S T E M  ---------------

OS:Deepin 2014.3 (trusty)
uname:Linux 3.13.0-49-generic #83-Ubuntu SMP Fri Apr 10 20:11:33 UTC 2015 x86_64
libc:glibc 2.19 NPTL 2.19 
rlimit: STACK 8192k, CORE 0k, NPROC 62848, NOFILE 102400, AS infinity
load average:10.86 5.27 2.64

/proc/meminfo:
MemTotal:        8066340 kB
MemFree:          132680 kB
Buffers:            1056 kB
Cached:           589176 kB
SwapCached:            0 kB
Active:          4969692 kB
Inactive:         559416 kB
Active(anon):    4942976 kB
Inactive(anon):   531884 kB
Active(file):      26716 kB
Inactive(file):    27532 kB
Unevictable:          96 kB
Mlocked:              96 kB
SwapTotal:             0 kB
SwapFree:              0 kB
Dirty:               756 kB
Writeback:             0 kB
AnonPages:       4939260 kB
Mapped:          2526616 kB
Shmem:            535632 kB
Slab:             103408 kB
SReclaimable:      36672 kB
SUnreclaim:        66736 kB
KernelStack:        8344 kB
PageTables:        75156 kB
NFS_Unstable:          0 kB
Bounce:                0 kB
WritebackTmp:          0 kB
CommitLimit:     4033168 kB
Committed_AS:   15880764 kB
VmallocTotal:   34359738367 kB
VmallocUsed:      355912 kB
VmallocChunk:   34359375412 kB
HardwareCorrupted:     0 kB
AnonHugePages:   1681408 kB
HugePages_Total:       0
HugePages_Free:        0
HugePages_Rsvd:        0
HugePages_Surp:        0
Hugepagesize:       2048 kB
DirectMap4k:       71584 kB
DirectMap2M:     8206336 kB


CPU:total 2 (2 cores per cpu, 1 threads per core) family 6 model 58 stepping 9, cmov, cx8, fxsr, mmx, sse, sse2, sse3, ssse3, sse4.1, sse4.2, popcnt, erms, tsc, tscinvbit, tscinv

/proc/cpuinfo:
processor	: 0
vendor_id	: GenuineIntel
cpu family	: 6
model		: 58
model name	: Intel(R) Celeron(R) CPU G1620 @ 2.70GHz
stepping	: 9
microcode	: 0x19
cpu MHz		: 2700.000
cache size	: 2048 KB
physical id	: 0
siblings	: 2
core id		: 0
cpu cores	: 2
apicid		: 0
initial apicid	: 0
fpu		: yes
fpu_exception	: yes
cpuid level	: 13
wp		: yes
flags		: fpu vme de pse tsc msr pae mce cx8 apic sep mtrr pge mca cmov pat pse36 clflush dts acpi mmx fxsr sse sse2 ss ht tm pbe syscall nx rdtscp lm constant_tsc arch_perfmon pebs bts rep_good nopl xtopology nonstop_tsc aperfmperf eagerfpu pni pclmulqdq dtes64 monitor ds_cpl vmx est tm2 ssse3 cx16 xtpr pdcm pcid sse4_1 sse4_2 popcnt tsc_deadline_timer xsave lahf_lm arat epb xsaveopt pln pts dtherm tpr_shadow vnmi flexpriority ept vpid fsgsbase smep erms
bogomips	: 5387.91
clflush size	: 64
cache_alignment	: 64
address sizes	: 36 bits physical, 48 bits virtual
power management:

processor	: 1
vendor_id	: GenuineIntel
cpu family	: 6
model		: 58
model name	: Intel(R) Celeron(R) CPU G1620 @ 2.70GHz
stepping	: 9
microcode	: 0x19
cpu MHz		: 2700.000
cache size	: 2048 KB
physical id	: 0
siblings	: 2
core id		: 1
cpu cores	: 2
apicid		: 2
initial apicid	: 2
fpu		: yes
fpu_exception	: yes
cpuid level	: 13
wp		: yes
flags		: fpu vme de pse tsc msr pae mce cx8 apic sep mtrr pge mca cmov pat pse36 clflush dts acpi mmx fxsr sse sse2 ss ht tm pbe syscall nx rdtscp lm constant_tsc arch_perfmon pebs bts rep_good nopl xtopology nonstop_tsc aperfmperf eagerfpu pni pclmulqdq dtes64 monitor ds_cpl vmx est tm2 ssse3 cx16 xtpr pdcm pcid sse4_1 sse4_2 popcnt tsc_deadline_timer xsave lahf_lm arat epb xsaveopt pln pts dtherm tpr_shadow vnmi flexpriority ept vpid fsgsbase smep erms
bogomips	: 5387.91
clflush size	: 64
cache_alignment	: 64
address sizes	: 36 bits physical, 48 bits virtual
power management:



Memory: 4k page, physical 8066340k(132680k free), swap 0k(0k free)

vm_info: OpenJDK 64-Bit Server VM (24.79-b02) for linux-amd64 JRE (1.7.0_79-b14), built on Apr 16 2015 08:21:58 by "buildd" with gcc 4.8.2

time: Tue Sep 22 18:53:43 2015
elapsed time: 11 seconds

